[19:00:16] [INIT] KubeJS 2001.6.5-build.16; MC 2001 forge
[19:00:16] [INIT] Loaded plugins:
[19:00:16] [INIT] - dev.latvian.mods.kubejs.forge.BuiltinKubeJSForgePlugin
[19:00:16] [INIT] - dev.latvian.mods.kubejs.forge.BuiltinKubeJSForgeClientPlugin
[19:00:16] [INIT] - thedarkcolour.exdeorum.compat.kubejs.ExDeorumKubeJsPlugin
[19:00:16] [INIT] - pie.ilikepiefoo.AdditionsPlugin
[19:00:16] [INIT] - pie.ilikepiefoo.compat.jei.JEIKubeJSPlugin
[19:00:16] [INIT] - com.almostreliable.kubeio.kube.KubePlugin
[19:00:16] [INIT] - com.lowdragmc.lowdraglib.kjs.LDLibKubeJSPlugin
[19:00:16] [INIT] - dev.ftb.mods.ftbxmodcompat.ftbquests.kubejs.KubeJSIntegration
[19:00:16] [INIT] - dev.ftb.mods.ftbxmodcompat.ftbchunks.kubejs.FTBChunksKubeJSPlugin
[19:00:16] [INIT] - dev.ftb.mods.ftbxmodcompat.ftbteams.kubejs.FTBTeamsKubeJSPlugin
[19:00:16] [INIT] - com.probejs.ProbeJSPlugin
[19:00:16] [INIT] - com.almostreliable.summoningrituals.compat.kubejs.AlmostKube
[19:00:16] [INIT] - com.gregtechceu.gtceu.integration.kjs.GregTechKubeJSPlugin
[19:00:16] [INIT] - com.prunoideae.KubeJSBotaniaPlugin
[19:00:16] [INIT] - forestry.compat.kubejs.ForestryKubeJsPlugin
[19:00:16] [INFO] Loaded script server_scripts:bussesFix.js in 0.001 s
[19:00:16] [INFO] Loaded script server_scripts:defaultoptions.js in 0.001 s
[19:00:16] [INFO] Loaded script server_scripts:dimensions.js in 0.001 s
[19:00:16] [INFO] Loaded script server_scripts:exdeorum/crook.js in 0.002 s
[19:00:16] [INFO] Loaded script server_scripts:exdeorum/heat.js in 0.0 s
[19:00:16] [INFO] Loaded script server_scripts:exdeorum/sieving.js in 0.002 s
[19:00:16] [INFO] Loaded script server_scripts:item_replacement.js in 0.001 s
[19:00:16] [INFO] Loaded script server_scripts:lines/ChemLines/EthanolDehydrogenation.js in 0.0 s
[19:00:16] [INFO] Loaded script server_scripts:lines/ChemLines/polysulfideHermetic.js in 0.002 s
[19:00:16] [INFO] Loaded script server_scripts:lines/ChemLines/sombralite.js in 0.001 s
[19:00:16] [INFO] Loaded script server_scripts:lines/CraftLines/assline.js in 0.003 s
[19:00:16] [INFO] Loaded script server_scripts:main/alloys.js in 0.002 s
[19:00:16] [INFO] Loaded script server_scripts:main/autogenerated.js in 0.003 s
[19:00:16] [INFO] Loaded script server_scripts:main/casings.js in 0.001 s
[19:00:16] [INFO] Loaded script server_scripts:main/devices_machines.js in 0.0 s
[19:00:16] [INFO] Loaded script server_scripts:main/globals.js in 0.005 s
[19:00:16] [INFO] Loaded script server_scripts:main/gregification.js in 0.003 s
[19:00:16] [INFO] Loaded script server_scripts:main/shaped.js in 0.002 s
[19:00:16] [INFO] Loaded script server_scripts:main/shapeless.js in 0.0 s
[19:00:16] [INFO] Loaded script server_scripts:main/smelting.js in 0.0 s
[19:00:16] [INFO] Loaded script server_scripts:main/test.js in 0.0 s
[19:00:16] [INFO] Loaded script server_scripts:main.js in 0.004 s
[19:00:16] [INFO] Loaded script server_scripts:mods/botania/mana_garden.js in 0.001 s
[19:00:16] [INFO] Loaded script server_scripts:mods/botania/mana_pool.js in 0.002 s
[19:00:16] [INFO] Loaded script server_scripts:mods/botania/pure_daisy.js in 0.0 s
[19:00:16] [INFO] Loaded script server_scripts:mods/botania/runic_altar.js in 0.0 s
[19:00:16] [INFO] Loaded script server_scripts:mods/gtceu/alloy_smelter.js in 0.0 s
[19:00:16] [INFO] Loaded script server_scripts:mods/gtceu/arc_furnace.js in 0.0 s
[19:00:16] [INFO] Loaded script server_scripts:mods/gtceu/assembler.js in 0.001 s
[19:00:16] [INFO] Loaded script server_scripts:mods/gtceu/autoclave.js in 0.0 s
[19:00:16] [INFO] Loaded script server_scripts:mods/gtceu/chemical_bath.js in 0.002 s
[19:00:16] [INFO] Loaded script server_scripts:mods/gtceu/chemical_reactor.js in 0.0 s
[19:00:16] [INFO] Loaded script server_scripts:mods/gtceu/circuit_assembler.js in 0.0 s
[19:00:16] [INFO] Loaded script server_scripts:mods/gtceu/compressor.js in 0.0 s
[19:00:16] [INFO] Loaded script server_scripts:mods/gtceu/electrolyzer.js in 0.0 s
[19:00:16] [INFO] Loaded script server_scripts:mods/gtceu/extractor.js in 0.001 s
[19:00:16] [INFO] Loaded script server_scripts:mods/gtceu/fermenter.js in 0.0 s
[19:00:16] [INFO] Loaded script server_scripts:mods/gtceu/forge_hammer.js in 0.0 s
[19:00:16] [INFO] Loaded script server_scripts:mods/gtceu/gas_collector.js in 0.001 s
[19:00:16] [INFO] Loaded script server_scripts:mods/gtceu/gas_turbine.js in 0.0 s
[19:00:16] [INFO] Loaded script server_scripts:mods/gtceu/hydrokinetic_dynamo.js in 0.002 s
[19:00:16] [INFO] Loaded script server_scripts:mods/gtceu/laser_engraver.js in 0.0 s
[19:00:16] [INFO] Loaded script server_scripts:mods/gtceu/macerator.js in 0.0 s
[19:00:16] [INFO] Loaded script server_scripts:mods/gtceu/magmatic_dynamo.js in 0.0 s
[19:00:16] [INFO] Loaded script server_scripts:mods/gtceu/mixer.js in 0.0 s
[19:00:16] [INFO] Loaded script server_scripts:mods/gtceu/polarizer.js in 0.0 s
[19:00:16] [INFO] Loaded script server_scripts:mods/gtceu/sifter.js in 0.001 s
[19:00:16] [INFO] Loaded script server_scripts:mods/gtceu/wiremill.js in 0.0 s
[19:00:16] [INFO] Loaded script server_scripts:mods/gtceu_multiblocks/abs.js in 0.0 s
[19:00:16] [INFO] Loaded script server_scripts:mods/gtceu_multiblocks/alchemical_crucible.js in 0.0 s
[19:00:16] [INFO] Loaded script server_scripts:mods/gtceu_multiblocks/aspect_collector.js in 0.0 s
[19:00:16] [INFO] Loaded script server_scripts:mods/gtceu_multiblocks/barrel.js in 0.0 s
[19:00:16] [INFO] Loaded script server_scripts:mods/gtceu_multiblocks/bedrock/abs.js in 0.001 s
[19:00:16] [INFO] Loaded script server_scripts:mods/gtceu_multiblocks/dsc.js in 0.002 s
[19:00:16] [INFO] Loaded script server_scripts:mods/gtceu_multiblocks/ebf.js in 0.001 s
[19:00:16] [INFO] Loaded script server_scripts:mods/gtceu_multiblocks/energizer.js in 0.002 s
[19:00:16] [INFO] Loaded script server_scripts:mods/gtceu_multiblocks/fission/decaying.js in 0.0 s
[19:00:16] [INFO] Loaded script server_scripts:mods/gtceu_multiblocks/fission/fission.js in 0.002 s
[19:00:16] [INFO] Loaded script server_scripts:mods/gtceu_multiblocks/fission/irradiation.js in 0.001 s
[19:00:16] [INFO] Loaded script server_scripts:mods/gtceu_multiblocks/lcr.js in 0.0 s
[19:00:16] [INFO] Loaded script server_scripts:mods/gtceu_multiblocks/pebf.js in 0.002 s
[19:00:16] [INFO] Loaded script server_scripts:mods/gtceu_multiblocks/reconstruction_chamber.js in 0.0 s
[19:00:16] [INFO] Loaded script server_scripts:mods/gtceu_multiblocks/sluice.js in 0.0 s
[19:00:16] [INFO] Loaded script server_scripts:mods/gtceu_multiblocks/star_forge.js in 0.0 s
[19:00:16] [INFO] Loaded script server_scripts:mods/gtceu_multiblocks/terrestrial.js in 0.0 s
[19:00:16] [INFO] Loaded script server_scripts:mods/roots/altar.js in 0.001 s
[19:00:16] [INFO] Loaded script server_scripts:OreProcessing/pebbles.js in 0.002 s
[19:00:16] [INFO] Loaded script server_scripts:replacement.js in 0.002 s
[19:00:16] [INFO] Loaded script server_scripts:summons.js in 0.0 s
[19:00:16] [INFO] Loaded script server_scripts:tag.js in 0.0 s
[19:00:16] [INFO] veins.js#1: Loaded Java class 'com.gregtechceu.gtceu.api.data.worldgen.WorldGenLayers'
[19:00:16] [INFO] veins.js#2: Loaded Java class 'net.minecraft.core.registries.Registries'
[19:00:16] [INFO] veins.js#3: Loaded Java class 'net.minecraft.resources.ResourceKey'
[19:00:16] [INFO] Loaded script server_scripts:veins.js in 0.006 s
[19:00:16] [INFO] Loaded 71/71 KubeJS server scripts in 0.128 s with 0 errors and 0 warnings
[19:00:16] [INFO] Scripts loaded
[19:00:16] [INFO] Initializing recipe event...
[19:00:18] [INFO] [minecraft:block] Found 1454 tags, added 32 objects, removed 0 objects
[19:00:19] [INFO] [minecraft:item] Found 6559 tags, added 39 objects, removed 0 objects
[19:00:20] [INFO] Processing recipes...
[19:00:20] [WARN] Failed to parse recipe 'botania:brew/feather_feet[botania:brew]'! Falling back to vanilla: Cannot invoke "net.minecraft.core.Registry.m_7745_(net.minecraft.resources.ResourceLocation)" because "com.prunoideae.custom.brew.BotaniaRegistryObjectBuilderTypes.BREW_REGISTRY" is null
[19:00:20] [WARN] Failed to parse recipe 'botania:brew/overload[botania:brew]'! Falling back to vanilla: Cannot invoke "net.minecraft.core.Registry.m_7745_(net.minecraft.resources.ResourceLocation)" because "com.prunoideae.custom.brew.BotaniaRegistryObjectBuilderTypes.BREW_REGISTRY" is null
[19:00:20] [WARN] Failed to parse recipe 'botania:brew/healing[botania:brew]'! Falling back to vanilla: Cannot invoke "net.minecraft.core.Registry.m_7745_(net.minecraft.resources.ResourceLocation)" because "com.prunoideae.custom.brew.BotaniaRegistryObjectBuilderTypes.BREW_REGISTRY" is null
[19:00:20] [WARN] Failed to parse recipe 'pamhc2foodcore:caramelcupcakeitem_x4[minecraft:crafting_shapeless]'! Falling back to vanilla: ItemStack 'result' can't be empty!
[19:00:20] [WARN] Failed to parse recipe 'botania:brew/water_breathing[botania:brew]'! Falling back to vanilla: Cannot invoke "net.minecraft.core.Registry.m_7745_(net.minecraft.resources.ResourceLocation)" because "com.prunoideae.custom.brew.BotaniaRegistryObjectBuilderTypes.BREW_REGISTRY" is null
[19:00:21] [WARN] Failed to parse recipe 'botania:brew/fire_resistance[botania:brew]'! Falling back to vanilla: Cannot invoke "net.minecraft.core.Registry.m_7745_(net.minecraft.resources.ResourceLocation)" because "com.prunoideae.custom.brew.BotaniaRegistryObjectBuilderTypes.BREW_REGISTRY" is null
[19:00:21] [WARN] Failed to parse recipe 'pamhc2foodcore:melonpieitem[minecraft:crafting_shapeless]'! Falling back to vanilla: ItemStack 'result' can't be empty!
[19:00:21] [WARN] Failed to parse recipe 'botania:brew/bloodthirst[botania:brew]'! Falling back to vanilla: Cannot invoke "net.minecraft.core.Registry.m_7745_(net.minecraft.resources.ResourceLocation)" because "com.prunoideae.custom.brew.BotaniaRegistryObjectBuilderTypes.BREW_REGISTRY" is null
[19:00:21] [WARN] Failed to parse recipe 'botania:brew/absorption[botania:brew]'! Falling back to vanilla: Cannot invoke "net.minecraft.core.Registry.m_7745_(net.minecraft.resources.ResourceLocation)" because "com.prunoideae.custom.brew.BotaniaRegistryObjectBuilderTypes.BREW_REGISTRY" is null
[19:00:21] [WARN] Failed to parse recipe 'botania:brew/night_vision[botania:brew]'! Falling back to vanilla: Cannot invoke "net.minecraft.core.Registry.m_7745_(net.minecraft.resources.ResourceLocation)" because "com.prunoideae.custom.brew.BotaniaRegistryObjectBuilderTypes.BREW_REGISTRY" is null
[19:00:21] [WARN] Failed to parse recipe 'botania:brew/clear[botania:brew]'! Falling back to vanilla: Cannot invoke "net.minecraft.core.Registry.m_7745_(net.minecraft.resources.ResourceLocation)" because "com.prunoideae.custom.brew.BotaniaRegistryObjectBuilderTypes.BREW_REGISTRY" is null
[19:00:21] [WARN] Failed to parse recipe 'botania:brew/emptiness[botania:brew]'! Falling back to vanilla: Cannot invoke "net.minecraft.core.Registry.m_7745_(net.minecraft.resources.ResourceLocation)" because "com.prunoideae.custom.brew.BotaniaRegistryObjectBuilderTypes.BREW_REGISTRY" is null
[19:00:21] [WARN] Failed to parse recipe 'botania:brew/jump_boost[botania:brew]'! Falling back to vanilla: Cannot invoke "net.minecraft.core.Registry.m_7745_(net.minecraft.resources.ResourceLocation)" because "com.prunoideae.custom.brew.BotaniaRegistryObjectBuilderTypes.BREW_REGISTRY" is null
[19:00:21] [WARN] Failed to parse recipe 'botania:brew/weak_regeneration[botania:brew]'! Falling back to vanilla: Cannot invoke "net.minecraft.core.Registry.m_7745_(net.minecraft.resources.ResourceLocation)" because "com.prunoideae.custom.brew.BotaniaRegistryObjectBuilderTypes.BREW_REGISTRY" is null
[19:00:21] [WARN] Failed to parse recipe 'botania:brew/strength[botania:brew]'! Falling back to vanilla: Cannot invoke "net.minecraft.core.Registry.m_7745_(net.minecraft.resources.ResourceLocation)" because "com.prunoideae.custom.brew.BotaniaRegistryObjectBuilderTypes.BREW_REGISTRY" is null
[19:00:21] [WARN] Failed to parse recipe 'botania:brew/haste[botania:brew]'! Falling back to vanilla: Cannot invoke "net.minecraft.core.Registry.m_7745_(net.minecraft.resources.ResourceLocation)" because "com.prunoideae.custom.brew.BotaniaRegistryObjectBuilderTypes.BREW_REGISTRY" is null
[19:00:21] [WARN] Failed to parse recipe 'botania:brew/soul_cross[botania:brew]'! Falling back to vanilla: Cannot invoke "net.minecraft.core.Registry.m_7745_(net.minecraft.resources.ResourceLocation)" because "com.prunoideae.custom.brew.BotaniaRegistryObjectBuilderTypes.BREW_REGISTRY" is null
[19:00:21] [WARN] Failed to parse recipe 'botania:brew/resistance[botania:brew]'! Falling back to vanilla: Cannot invoke "net.minecraft.core.Registry.m_7745_(net.minecraft.resources.ResourceLocation)" because "com.prunoideae.custom.brew.BotaniaRegistryObjectBuilderTypes.BREW_REGISTRY" is null
[19:00:21] [WARN] Failed to parse recipe 'botania:brew/invisibility[botania:brew]'! Falling back to vanilla: Cannot invoke "net.minecraft.core.Registry.m_7745_(net.minecraft.resources.ResourceLocation)" because "com.prunoideae.custom.brew.BotaniaRegistryObjectBuilderTypes.BREW_REGISTRY" is null
[19:00:21] [WARN] Failed to parse recipe 'botania:brew/regeneration[botania:brew]'! Falling back to vanilla: Cannot invoke "net.minecraft.core.Registry.m_7745_(net.minecraft.resources.ResourceLocation)" because "com.prunoideae.custom.brew.BotaniaRegistryObjectBuilderTypes.BREW_REGISTRY" is null
[19:00:21] [WARN] Failed to parse recipe 'botania:brew/speed[botania:brew]'! Falling back to vanilla: Cannot invoke "net.minecraft.core.Registry.m_7745_(net.minecraft.resources.ResourceLocation)" because "com.prunoideae.custom.brew.BotaniaRegistryObjectBuilderTypes.BREW_REGISTRY" is null
[19:00:22] [WARN] Failed to parse recipe 'botania:brew/allure[botania:brew]'! Falling back to vanilla: Cannot invoke "net.minecraft.core.Registry.m_7745_(net.minecraft.resources.ResourceLocation)" because "com.prunoideae.custom.brew.BotaniaRegistryObjectBuilderTypes.BREW_REGISTRY" is null
[19:00:22] [WARN] Failed to parse recipe 'pamhc2foodcore:honeymuffinitem[minecraft:crafting_shapeless]'! Falling back to vanilla: ItemStack 'result' can't be empty!
[19:00:22] [INFO] Found 48781 recipes in 1.852 s
[19:00:24] [INFO] Posted recipe events in 2.235 s
[19:00:24] [WARN] Error parsing recipe gtceu:shaped/luv_machine_hull[minecraft:crafting_shaped]: {"type":"minecraft:crafting_shaped","pattern":["PLP","CHC"],"key":{"P":{"tag":"forge:plates/polytetrafluoroethylene"},"L":[],"C":{"item":"gtceu:niobium_titanium_single_cable"},"H":{"item":"gtceu:luv_machine_casing"}},"result":{"item":"gtceu:luv_machine_hull"}}: Item array cannot be empty, at least one item must be defined
[19:00:24] [WARN] Error parsing recipe gtceu:shaped/casing_luv[minecraft:crafting_shaped]: {"type":"minecraft:crafting_shaped","pattern":["PPP","PwP","PPP"],"key":{"P":[],"w":{"tag":"gtceu:tools/crafting_wrenches"}},"result":{"item":"gtceu:luv_machine_casing"}}: Item array cannot be empty, at least one item must be defined
[19:00:25] [WARN] Error parsing recipe ae2:kjs/24depwd1cviavknv6gzd68lfy[ae2:charger]: {"type":"ae2:charger","ingredient":{"item":"gtceu:certus_quartz_crystal"},"result":{"item":"gtceu:charged_certus_quartz_crystal"}}: Unknown item 'gtceu:certus_quartz_crystal'
[19:00:26] [INFO] Added 686 recipes, removed 4217 recipes, modified 94 recipes, with 3 failed recipes in 1.817 s
[19:00:29] [INFO] Server resource reload complete!
[19:00:32] [INFO] defaultoptions.js#8: Gamerules set!
