[20:01:04] [INIT] KubeJS 2001.6.5-build.16; MC 2001 forge
[20:01:04] [INIT] Loaded plugins:
[20:01:04] [INIT] - dev.latvian.mods.kubejs.forge.BuiltinKubeJSForgePlugin
[20:01:04] [INIT] - dev.latvian.mods.kubejs.forge.BuiltinKubeJSForgeClientPlugin
[20:01:04] [INIT] - thedarkcolour.exdeorum.compat.kubejs.ExDeorumKubeJsPlugin
[20:01:04] [INIT] - pie.ilikepiefoo.AdditionsPlugin
[20:01:04] [INIT] - pie.ilikepiefoo.compat.jei.JEIKubeJSPlugin
[20:01:04] [INIT] - com.almostreliable.kubeio.kube.KubePlugin
[20:01:04] [INIT] - com.lowdragmc.lowdraglib.kjs.LDLibKubeJSPlugin
[20:01:04] [INIT] - dev.ftb.mods.ftbxmodcompat.ftbquests.kubejs.KubeJSIntegration
[20:01:04] [INIT] - dev.ftb.mods.ftbxmodcompat.ftbchunks.kubejs.FTBChunksKubeJSPlugin
[20:01:04] [INIT] - dev.ftb.mods.ftbxmodcompat.ftbteams.kubejs.FTBTeamsKubeJSPlugin
[20:01:04] [INIT] - com.probejs.ProbeJSPlugin
[20:01:04] [INIT] - com.almostreliable.summoningrituals.compat.kubejs.AlmostKube
[20:01:04] [INIT] - com.gregtechceu.gtceu.integration.kjs.GregTechKubeJSPlugin
[20:01:04] [INIT] - com.prunoideae.KubeJSBotaniaPlugin
[20:01:04] [INIT] - forestry.compat.kubejs.ForestryKubeJsPlugin
[20:01:13] [INFO] Loaded script startup_scripts:bees.js in 0.269 s
[20:01:13] [INFO] classes_and_other.js#2: Loaded Java class 'com.gregtechceu.gtceu.common.machine.multiblock.steam.SteamParallelMultiblockMachine'
[20:01:13] [INFO] classes_and_other.js#3: Loaded Java class 'com.gregtechceu.gtceu.api.machine.multiblock.CoilWorkableElectricMultiblockMachine'
[20:01:13] [INFO] classes_and_other.js#4: Loaded Java class 'com.gregtechceu.gtceu.api.machine.multiblock.WorkableMultiblockMachine'
[20:01:13] [INFO] classes_and_other.js#7: Loaded Java class 'com.gregtechceu.gtceu.api.block.ICoilType'
[20:01:13] [INFO] classes_and_other.js#8: Loaded Java class 'com.lowdragmc.lowdraglib.utils.LocalizationUtils'
[20:01:13] [INFO] classes_and_other.js#9: Loaded Java class 'net.minecraft.client.resources.language.I18n'
[20:01:13] [INFO] classes_and_other.js#11: Loaded Java class 'com.gregtechceu.gtceu.api.recipe.modifier.RecipeModifier'
[20:01:13] [INFO] classes_and_other.js#12: Loaded Java class 'com.gregtechceu.gtceu.api.recipe.GTRecipe'
[20:01:13] [INFO] classes_and_other.js#13: Loaded Java class 'com.gregtechceu.gtceu.api.machine.MetaMachine'
[20:01:13] [INFO] classes_and_other.js#14: Loaded Java class 'com.gregtechceu.gtceu.api.recipe.RecipeHelper'
[20:01:13] [INFO] classes_and_other.js#15: Loaded Java class 'com.gregtechceu.gtceu.api.machine.feature.multiblock.IMultiController'
[20:01:13] [INFO] classes_and_other.js#17: Loaded Java class 'com.gregtechceu.gtceu.api.recipe.modifier.ParallelLogic'
[20:01:13] [INFO] classes_and_other.js#18: Loaded Java class 'com.gregtechceu.gtceu.api.recipe.content.ContentModifier'
[20:01:13] [INFO] classes_and_other.js#20: Loaded Java class 'com.gregtechceu.gtceu.utils.FormattingUtil'
[20:01:13] [INFO] classes_and_other.js#21: Loaded Java class 'net.minecraft.ChatFormatting'
[20:01:13] [INFO] classes_and_other.js#22: Loaded Java class 'net.minecraft.network.chat.Style'
[20:01:13] [INFO] classes_and_other.js#97: Loaded Java class 'com.gregtechceu.gtceu.api.machine.multiblock.CleanroomType'
[20:01:13] [INFO] classes_and_other.js#100: Loaded Java class 'com.gregtechceu.gtceu.api.machine.multiblock.PartAbility'
[20:01:13] [INFO] Loaded script startup_scripts:classes_and_other.js in 0.43 s
[20:01:14] [INFO] Loaded script startup_scripts:coils.js in 0.027 s
[20:01:14] [INFO] Loaded script startup_scripts:conduits.js in 0.0 s
[20:01:14] [INFO] Loaded script startup_scripts:GT/MaterialRegistry/aspect.js in 0.064 s
[20:01:14] [INFO] Loaded script startup_scripts:GT/MaterialRegistry/chem.js in 0.006 s
[20:01:14] [INFO] Loaded script startup_scripts:GT/MaterialRegistry/element.js in 0.002 s
[20:01:14] [INFO] Loaded script startup_scripts:GT/MaterialRegistry/energy_generation.js in 0.0 s
[20:01:14] [INFO] Loaded script startup_scripts:GT/MaterialRegistry/lines/aspect.js in 0.003 s
[20:01:14] [INFO] Loaded script startup_scripts:GT/MaterialRegistry/lines/fission.js in 0.001 s
[20:01:14] [INFO] Loaded script startup_scripts:GT/MaterialRegistry/lines/nocturium.js in 0.002 s
[20:01:14] [INFO] Loaded script startup_scripts:GT/MaterialRegistry/liquids.js in 0.003 s
[20:01:14] [INFO] Loaded script startup_scripts:GT/MaterialRegistry/modify.js in 0.0 s
[20:01:14] [INFO] Loaded script startup_scripts:GT/MaterialRegistry/mods/ae2.js in 0.001 s
[20:01:14] [INFO] Loaded script startup_scripts:GT/MaterialRegistry/mods/botania.js in 0.002 s
[20:01:14] [INFO] Loaded script startup_scripts:GT/MaterialRegistry/mods/roots.js in 0.001 s
[20:01:14] [INFO] Loaded script startup_scripts:GT/MaterialRegistry/solids/alloy.js in 0.002 s
[20:01:14] [INFO] Loaded script startup_scripts:GT/MaterialRegistry/solids/ores.js in 0.001 s
[20:01:14] [INFO] Loaded script startup_scripts:GT/MaterialRegistry/solids/other.js in 0.002 s
[20:01:14] [INFO] GT/modify.js#1: Loaded Java class 'java.util.Map'
[20:01:14] [INFO] Loaded script startup_scripts:GT/modify.js in 0.001 s
[20:01:14] [INFO] Loaded script startup_scripts:GT/multiblocks/aspecting/alchemical_crucible.js in 0.003 s
[20:01:14] [INFO] Loaded script startup_scripts:GT/multiblocks/aspecting/aspect_collector.js in 0.003 s
[20:01:14] [INFO] Loaded script startup_scripts:GT/multiblocks/barrel.js in 0.001 s
[20:01:14] [INFO] Loaded script startup_scripts:GT/multiblocks/bedrock_crusher.js in 0.002 s
[20:01:14] [INFO] Loaded script startup_scripts:GT/multiblocks/daycycle_simulation_chamber.js in 0.002 s
[20:01:14] [INFO] Loaded script startup_scripts:GT/multiblocks/energizer.js in 0.003 s
[20:01:14] [INFO] Loaded script startup_scripts:GT/multiblocks/fission/decay_chamber.js in 0.001 s
[20:01:14] [INFO] Loaded script startup_scripts:GT/multiblocks/fission/fission_reactor.js in 0.002 s
[20:01:14] [INFO] Loaded script startup_scripts:GT/multiblocks/fission/irradiation_chamber.js in 0.001 s
[20:01:14] [INFO] Loaded script startup_scripts:GT/multiblocks/modification/steam_oven.js in 0.0 s
[20:01:14] [INFO] Loaded script startup_scripts:GT/multiblocks/primitive_electric/pe_alloy_smelter.js in 0.003 s
[20:01:14] [INFO] Loaded script startup_scripts:GT/multiblocks/primitive_electric/pe_bender.js in 0.002 s
[20:01:14] [INFO] Loaded script startup_scripts:GT/multiblocks/primitive_electric/pe_furnace.js in 0.0 s
[20:01:14] [INFO] Loaded script startup_scripts:GT/multiblocks/primitive_electric_blast_furnace.js in 0.001 s
[20:01:14] [INFO] Loaded script startup_scripts:GT/multiblocks/reconstructing_chamber.js in 0.002 s
[20:01:14] [INFO] Loaded script startup_scripts:GT/multiblocks/sluice.js in 0.001 s
[20:01:14] [INFO] Loaded script startup_scripts:GT/multiblocks/star_forge.js in 0.001 s
[20:01:14] [INFO] Loaded script startup_scripts:GT/multiblocks/terrestrial_agglomeration_chamber.js in 0.0 s
[20:01:14] [INFO] Loaded script startup_scripts:GT/multiblocks/ultra/etbf.js in 0.004 s
[20:01:14] [INFO] GT/singleblock.js#1: Loaded Java class 'com.gregtechceu.gtceu.common.machine.multiblock.part.MaintenanceHatchPartMachine'
[20:01:14] [INFO] GT/singleblock.js#3: Loaded Java class 'com.gregtechceu.gtceu.common.machine.multiblock.part.CleaningMaintenanceHatchPartMachine'
[20:01:14] [INFO] Loaded script startup_scripts:GT/singleblock.js in 0.015 s
[20:01:14] [INFO] Loaded script startup_scripts:main.js in 0.022 s
[20:01:14] [INFO] Loaded script startup_scripts:oreTypes.js in 0.001 s
[20:01:14] [INFO] veinAdditions.js#1: Loaded Java class 'com.gregtechceu.gtceu.api.data.worldgen.WorldGenLayers'
[20:01:14] [INFO] Loaded script startup_scripts:veinAdditions.js in 0.017 s
[20:01:14] [INFO] Loaded 43/43 KubeJS startup scripts in 6.05 s with 0 errors and 0 warnings
[20:01:17] [INFO] GT/MaterialRegistry/modify.js#3: Loaded Java class 'com.gregtechceu.gtceu.api.data.chemical.material.properties.OreProperty'
[20:01:17] [INFO] GT/MaterialRegistry/modify.js#4: Loaded Java class 'com.gregtechceu.gtceu.api.data.chemical.material.properties.GemProperty'
[20:01:17] [INFO] GT/MaterialRegistry/modify.js#5: Loaded Java class 'com.gregtechceu.gtceu.api.data.chemical.material.properties.IngotProperty'
[20:01:17] [INFO] GT/MaterialRegistry/modify.js#7: Loaded Java class 'com.gregtechceu.gtceu.api.data.chemical.material.properties.PropertyKey'
